<?xml version="1.0" encoding="UTF-8"?>
<testng-results ignored="0" total="1" passed="1" failed="0" skipped="0">
  <reporter-output>
  </reporter-output>
  <suite started-at="2021-07-26T09:24:04 NPT" name="Suite" finished-at="2021-07-26T09:24:14 NPT" duration-ms="10362">
    <groups>
    </groups>
    <test started-at="2021-07-26T09:24:04 NPT" name="Amazon" finished-at="2021-07-26T09:24:14 NPT" duration-ms="10362">
      <class name="testCase.Amazon">
        <test-method is-config="true" signature="visitAmazonSite()[pri:0, instance:testCase.Amazon@19d481b]" started-at="2021-07-26T09:24:04 NPT" name="visitAmazonSite" finished-at="2021-07-26T09:24:11 NPT" duration-ms="6483" status="PASS">
          <reporter-output>
          </reporter-output>
        </test-method> <!-- visitAmazonSite -->
        <test-method signature="selectRandomDropdown()[pri:0, instance:testCase.Amazon@19d481b]" started-at="2021-07-26T09:24:11 NPT" name="selectRandomDropdown" finished-at="2021-07-26T09:24:13 NPT" duration-ms="2630" status="PASS">
          <reporter-output>
          </reporter-output>
        </test-method> <!-- selectRandomDropdown -->
        <test-method is-config="true" signature="tearDown()[pri:0, instance:testCase.Amazon@19d481b]" started-at="2021-07-26T09:24:13 NPT" name="tearDown" finished-at="2021-07-26T09:24:14 NPT" duration-ms="1197" status="PASS">
          <reporter-output>
          </reporter-output>
        </test-method> <!-- tearDown -->
      </class> <!-- testCase.Amazon -->
    </test> <!-- Amazon -->
  </suite> <!-- Suite -->
</testng-results>
